<?xml version="1.0" encoding="UTF-8"?>
<!-- Generated by org.testng.reporters.JUnitXMLReporter -->
<testsuite ignored="0" hostname="DESKTOP-8AF4MIK" failures="0" tests="1" name="LoginTest_Chrome" time="8.24" errors="0" timestamp="2024-11-22T13:47:14 IST">
  <testcase classname="projectSpecifications.BaseClass" name="@BeforeMethod setUp" time="6.763">
    <failure type="java.lang.NullPointerException" message="Cannot invoke &amp;quot;com.aventstack.extentreports.ExtentTest.pass(String)&amp;quot; because the return value of &amp;quot;java.lang.ThreadLocal.get()&amp;quot; is null">
      <![CDATA[java.lang.NullPointerException: Cannot invoke "com.aventstack.extentreports.ExtentTest.pass(String)" because the return value of "java.lang.ThreadLocal.get()" is null
at utils.ExtentReportManager.reportStep(ExtentReportManager.java:46)
at projectSpecifications.BaseClass.setUp(BaseClass.java:64)
at java.base/java.util.ArrayList.forEach(ArrayList.java:1596)
... Removed 29 stack frames]]>
    </failure>
  </testcase> <!-- @BeforeMethod setUp -->
  <testcase classname="projectSpecifications.BaseClass" name="@AfterMethod tearDown" time="-1.73226343486E9">
    <skipped/>
  </testcase> <!-- @AfterMethod tearDown -->
  <testcase classname="testPackage.TC_003_Logout" name="validate_login" time="0.0">
    <skipped/>
  </testcase> <!-- validate_login -->
</testsuite> <!-- LoginTest_Chrome -->
